[debug] [2023-06-26T16:20:44.910Z] ----------------------------------------------------------------------
[debug] [2023-06-26T16:20:44.914Z] Command:       /usr/local/Cellar/node/19.7.0/bin/node /usr/local/bin/firebase init
[debug] [2023-06-26T16:20:44.915Z] CLI Version:   12.4.0
[debug] [2023-06-26T16:20:44.915Z] Platform:      darwin
[debug] [2023-06-26T16:20:44.915Z] Node Version:  v19.7.0
[debug] [2023-06-26T16:20:44.915Z] Time:          Mon Jun 26 2023 09:20:44 GMT-0700 (Pacific Daylight Time)
[debug] [2023-06-26T16:20:44.915Z] ----------------------------------------------------------------------
[debug] 
[debug] [2023-06-26T16:20:44.939Z] > command requires scopes: ["email","openid","https://www.googleapis.com/auth/cloudplatformprojects.readonly","https://www.googleapis.com/auth/firebase","https://www.googleapis.com/auth/cloud-platform"]
[debug] [2023-06-26T16:20:44.940Z] > authorizing via signed-in user (braxtondiaz1010@gmail.com)
[info] 
     ######## #### ########  ######## ########     ###     ######  ########
     ##        ##  ##     ## ##       ##     ##  ##   ##  ##       ##
     ######    ##  ########  ######   ########  #########  ######  ######
     ##        ##  ##    ##  ##       ##     ## ##     ##       ## ##
     ##       #### ##     ## ######## ########  ##     ##  ######  ########

You're about to initialize a Firebase project in this directory:

  /Users/braxtondiaz/Desktop/Projects/Ecomm

[info] 
=== Project Setup
[info] 
[info] First, let's associate this project directory with a Firebase project.
[info] You can create multiple project aliases by running firebase use --add, 
[info] but for now we'll just set up a default project.
[info] 
[debug] [2023-06-26T16:21:13.274Z] >>> [apiv2][query] GET https://firebase.googleapis.com/v1beta1/projects pageSize=100
[debug] [2023-06-26T16:21:13.818Z] <<< [apiv2][status] GET https://firebase.googleapis.com/v1beta1/projects 200
[debug] [2023-06-26T16:21:13.818Z] <<< [apiv2][body] GET https://firebase.googleapis.com/v1beta1/projects [omitted]
[info] i  Using project ecommerce-f1b65 (Ecommerce) 
[info] 
=== Hosting Setup
[info] 
[info] Your public directory is the folder (relative to your project directory) that
[info] will contain Hosting assets to be uploaded with firebase deploy. If you
[info] have a build process for your assets, use your build's output directory.
[info] 
[debug] [2023-06-26T16:21:44.035Z] >>> [apiv2][query] GET https://www.gstatic.com/firebasejs/releases.json [none]
[debug] [2023-06-26T16:21:44.125Z] <<< [apiv2][status] GET https://www.gstatic.com/firebasejs/releases.json 200
[debug] [2023-06-26T16:21:44.125Z] <<< [apiv2][body] GET https://www.gstatic.com/firebasejs/releases.json {"current":{"version":"9.23.0","browserURL":"https://www.gstatic.com/firebasejs/9.23.0/firebase.js","packageURL":"https://www.gstatic.com/firebasejs/9.23.0/firebase.tgz"},"live":{"version":"9.23","browserURL":"https://www.gstatic.com/firebasejs/live/9.23/firebase.js","packageURL":"https://www.gstatic.com/firebasejs/live/9.23/firebase.tgz"},"components":{"analytics":"https://www.gstatic.com/firebasejs/9.23.0/firebase-analytics.js","app":"https://www.gstatic.com/firebasejs/9.23.0/firebase-app.js","app-check":"https://www.gstatic.com/firebasejs/9.23.0/firebase-app-check.js","auth":"https://www.gstatic.com/firebasejs/9.23.0/firebase-auth.js","auth/cordova":"https://www.gstatic.com/firebasejs/9.23.0/firebase-auth/cordova.js","auth/react-native":"https://www.gstatic.com/firebasejs/9.23.0/firebase-auth/react-native.js","functions":"https://www.gstatic.com/firebasejs/9.23.0/firebase-functions.js","firestore":"https://www.gstatic.com/firebasejs/9.23.0/firebase-firestore.js","firestore/lite":"https://www.gstatic.com/firebasejs/9.23.0/firebase-firestore/lite.js","installations":"https://www.gstatic.com/firebasejs/9.23.0/firebase-installations.js","storage":"https://www.gstatic.com/firebasejs/9.23.0/firebase-storage.js","performance":"https://www.gstatic.com/firebasejs/9.23.0/firebase-performance.js","remote-config":"https://www.gstatic.com/firebasejs/9.23.0/firebase-remote-config.js","messaging":"https://www.gstatic.com/firebasejs/9.23.0/firebase-messaging.js","messaging/sw":"https://www.gstatic.com/firebasejs/9.23.0/firebase-messaging/sw.js","database":"https://www.gstatic.com/firebasejs/9.23.0/firebase-database.js","firestore.memory":"https://www.gstatic.com/firebasejs/9.23.0/firebase-firestore.memory.js"}}
[info] ✔  Wrote public/index.html 
[info] 
[info] i  Didn't detect a .git folder. Assuming /Users/braxtondiaz/Desktop/Projects/Ecomm is the project root. 
[info] i  Authorizing with GitHub to upload your service account to a GitHub repository's secrets store. 
[info] 
[info] Visit this URL on this device to log in:
[info] https://github.com/login/oauth/authorize?client_id=89cf50f02ac6aaed3484&state=1009721555&redirect_uri=http%3A%2F%2Flocalhost%3A9005&scope=read%3Auser%20repo%20public_repo
[info] 
[info] Waiting for authentication...
[debug] [2023-06-26T16:22:11.256Z] >>> [apiv2][query] POST https://github.com/login/oauth/access_token [none]
[debug] [2023-06-26T16:22:11.256Z] >>> [apiv2][body] POST https://github.com/login/oauth/access_token [stream]
[debug] [2023-06-26T16:22:11.506Z] <<< [apiv2][status] POST https://github.com/login/oauth/access_token 200
[debug] [2023-06-26T16:22:11.506Z] <<< [apiv2][body] POST https://github.com/login/oauth/access_token {"access_token":"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","token_type":"bearer","scope":"read:user,repo"}
[debug] [2023-06-26T16:22:11.518Z] >>> [apiv2][query] GET https://api.github.com/user [none]
[debug] [2023-06-26T16:22:11.974Z] <<< [apiv2][status] GET https://api.github.com/user 200
[debug] [2023-06-26T16:22:11.974Z] <<< [apiv2][body] GET https://api.github.com/user {"login":"Bdiaz10","id":90151890,"node_id":"MDQ6VXNlcjkwMTUxODkw","avatar_url":"https://avatars.githubusercontent.com/u/90151890?v=4","gravatar_id":"","url":"https://api.github.com/users/Bdiaz10","html_url":"https://github.com/Bdiaz10","followers_url":"https://api.github.com/users/Bdiaz10/followers","following_url":"https://api.github.com/users/Bdiaz10/following{/other_user}","gists_url":"https://api.github.com/users/Bdiaz10/gists{/gist_id}","starred_url":"https://api.github.com/users/Bdiaz10/starred{/owner}{/repo}","subscriptions_url":"https://api.github.com/users/Bdiaz10/subscriptions","organizations_url":"https://api.github.com/users/Bdiaz10/orgs","repos_url":"https://api.github.com/users/Bdiaz10/repos","events_url":"https://api.github.com/users/Bdiaz10/events{/privacy}","received_events_url":"https://api.github.com/users/Bdiaz10/received_events","type":"User","site_admin":false,"name":"Braxton Diaz","company":null,"blog":"www.linkedin.com/in/braxtondiaz","location":"Seattle, Washington ","email":null,"hireable":null,"bio":"Full Stack Engineer","twitter_username":null,"public_repos":2,"public_gists":0,"followers":1,"following":0,"created_at":"2021-09-05T17:46:20Z","updated_at":"2023-06-21T16:07:49Z","private_gists":0,"total_private_repos":4,"owned_private_repos":4,"disk_usage":17191,"collaborators":0,"two_factor_authentication":false,"plan":{"name":"free","space":976562499,"collaborators":0,"private_repos":10000}}
[info] 
[info] ✔  Success! Logged into GitHub as Bdiaz10 
[info] 
[debug] [2023-06-26T16:22:24.731Z] >>> [apiv2][query] GET https://api.github.com/repos//actions/secrets/public-key type=owner
[debug] [2023-06-26T16:22:25.043Z] <<< [apiv2][status] GET https://api.github.com/repos//actions/secrets/public-key 404
[debug] [2023-06-26T16:22:25.043Z] <<< [apiv2][body] GET https://api.github.com/repos//actions/secrets/public-key {"message":"Not Found","documentation_url":"https://docs.github.com/rest"}
[info] 
[info] 
[error] ⚠  The provided authorization cannot be used with this repository. If this repository is in an organization, did you remember to grant access? 
[info] 
[info] i  Action required: Visit this URL to ensure access has been granted to the appropriate organization(s) for the Firebase CLI GitHub OAuth App: 
[info] https://github.com/settings/connections/applications/89cf50f02ac6aaed3484
[info] 
[debug] [2023-06-26T16:22:28.510Z] >>> [apiv2][query] GET https://api.github.com/repos//actions/secrets/public-key type=owner
[debug] [2023-06-26T16:22:28.677Z] <<< [apiv2][status] GET https://api.github.com/repos//actions/secrets/public-key 404
[debug] [2023-06-26T16:22:28.677Z] <<< [apiv2][body] GET https://api.github.com/repos//actions/secrets/public-key {"message":"Not Found","documentation_url":"https://docs.github.com/rest"}
[info] 
[info] 
[error] ⚠  The provided authorization cannot be used with this repository. If this repository is in an organization, did you remember to grant access? 
[info] 
[info] i  Action required: Visit this URL to ensure access has been granted to the appropriate organization(s) for the Firebase CLI GitHub OAuth App: 
[info] https://github.com/settings/connections/applications/89cf50f02ac6aaed3484
[info] 
[debug] [2023-06-26T16:22:29.620Z] >>> [apiv2][query] GET https://api.github.com/repos//actions/secrets/public-key type=owner
[debug] [2023-06-26T16:22:29.749Z] <<< [apiv2][status] GET https://api.github.com/repos//actions/secrets/public-key 404
[debug] [2023-06-26T16:22:29.749Z] <<< [apiv2][body] GET https://api.github.com/repos//actions/secrets/public-key {"message":"Not Found","documentation_url":"https://docs.github.com/rest"}
[info] 
[info] 
[error] ⚠  The provided authorization cannot be used with this repository. If this repository is in an organization, did you remember to grant access? 
[info] 
[info] i  Action required: Visit this URL to ensure access has been granted to the appropriate organization(s) for the Firebase CLI GitHub OAuth App: 
[info] https://github.com/settings/connections/applications/89cf50f02ac6aaed3484
[info] 
[debug] [2023-06-26T16:22:51.400Z] >>> [apiv2][query] GET https://api.github.com/repos/y/actions/secrets/public-key type=owner
[debug] [2023-06-26T16:22:51.592Z] <<< [apiv2][status] GET https://api.github.com/repos/y/actions/secrets/public-key 404
[debug] [2023-06-26T16:22:51.592Z] <<< [apiv2][body] GET https://api.github.com/repos/y/actions/secrets/public-key {"message":"Not Found","documentation_url":"https://docs.github.com/rest"}
[info] 
[info] 
[error] ⚠  The provided authorization cannot be used with this repository. If this repository is in an organization, did you remember to grant access? 
[info] 
[info] i  Action required: Visit this URL to ensure access has been granted to the appropriate organization(s) for the Firebase CLI GitHub OAuth App: 
[info] https://github.com/settings/connections/applications/89cf50f02ac6aaed3484
[info] 
[debug] [2023-06-26T16:22:59.141Z] >>> [apiv2][query] GET https://api.github.com/repos/      /actions/secrets/public-key type=owner
[debug] [2023-06-26T16:22:59.317Z] <<< [apiv2][status] GET https://api.github.com/repos/      /actions/secrets/public-key 404
[debug] [2023-06-26T16:22:59.317Z] <<< [apiv2][body] GET https://api.github.com/repos/      /actions/secrets/public-key {"message":"Not Found","documentation_url":"https://docs.github.com/rest"}
[info] 
[info] 
[error] ⚠  The provided authorization cannot be used with this repository. If this repository is in an organization, did you remember to grant access? 
[info] 
[info] i  Action required: Visit this URL to ensure access has been granted to the appropriate organization(s) for the Firebase CLI GitHub OAuth App: 
[info] https://github.com/settings/connections/applications/89cf50f02ac6aaed3484
[info] 
[debug] [2023-06-26T16:23:04.391Z] >>> [apiv2][query] GET https://api.github.com/repos/        /actions/secrets/public-key type=owner
[debug] [2023-06-26T16:23:04.547Z] <<< [apiv2][status] GET https://api.github.com/repos/        /actions/secrets/public-key 404
[debug] [2023-06-26T16:23:04.547Z] <<< [apiv2][body] GET https://api.github.com/repos/        /actions/secrets/public-key {"message":"Not Found","documentation_url":"https://docs.github.com/rest"}
[info] 
[info] 
[error] ⚠  The provided authorization cannot be used with this repository. If this repository is in an organization, did you remember to grant access? 
[info] 
[info] i  Action required: Visit this URL to ensure access has been granted to the appropriate organization(s) for the Firebase CLI GitHub OAuth App: 
[info] https://github.com/settings/connections/applications/89cf50f02ac6aaed3484
[info] 
[debug] [2023-06-26T16:23:05.200Z] >>> [apiv2][query] GET https://api.github.com/repos/        /actions/secrets/public-key type=owner
[debug] [2023-06-26T16:23:05.334Z] <<< [apiv2][status] GET https://api.github.com/repos/        /actions/secrets/public-key 404
[debug] [2023-06-26T16:23:05.335Z] <<< [apiv2][body] GET https://api.github.com/repos/        /actions/secrets/public-key {"message":"Not Found","documentation_url":"https://docs.github.com/rest"}
[info] 
[info] 
[error] ⚠  The provided authorization cannot be used with this repository. If this repository is in an organization, did you remember to grant access? 
[info] 
[info] i  Action required: Visit this URL to ensure access has been granted to the appropriate organization(s) for the Firebase CLI GitHub OAuth App: 
[info] https://github.com/settings/connections/applications/89cf50f02ac6aaed3484
[info] 
[debug] [2023-06-26T16:23:05.413Z] >>> [apiv2][query] GET https://api.github.com/repos/        /actions/secrets/public-key type=owner
[debug] [2023-06-26T16:23:05.547Z] <<< [apiv2][status] GET https://api.github.com/repos/        /actions/secrets/public-key 404
[debug] [2023-06-26T16:23:05.547Z] <<< [apiv2][body] GET https://api.github.com/repos/        /actions/secrets/public-key {"message":"Not Found","documentation_url":"https://docs.github.com/rest"}
[info] 
[info] 
[error] ⚠  The provided authorization cannot be used with this repository. If this repository is in an organization, did you remember to grant access? 
[info] 
[info] i  Action required: Visit this URL to ensure access has been granted to the appropriate organization(s) for the Firebase CLI GitHub OAuth App: 
[info] https://github.com/settings/connections/applications/89cf50f02ac6aaed3484
[info] 
